{
  "RSpec": {
    "coverage": {
      "/mnt/c/Users/user/projects/pig-latin-react-rails-pg/pig_latin_backend/spec/api_requests/delete_terminology_request_spec.rb": [
        1,
        null,
        1,
        1,
        1,
        null,
        null,
        1,
        null,
        1,
        1,
        1,
        null,
        1,
        1,
        null,
        1,
        1,
        null,
        null
      ],
      "/mnt/c/Users/user/projects/pig-latin-react-rails-pg/pig_latin_backend/spec/rails_helper.rb": [
        null,
        1,
        1,
        1,
        1,
        null,
        1,
        1,
        null,
        null,
        null,
        null,
        null,
        null,
        null,
        null,
        null,
        null,
        null,
        null,
        null,
        null,
        null,
        null,
        null,
        null,
        null,
        null,
        1,
        null,
        0,
        0,
        null,
        1,
        null,
        1,
        null,
        null,
        null,
        null,
        1,
        null,
        1,
        1,
        1,
        null,
        null,
        1,
        1,
        1,
        null,
        null,
        1,
        23,
        23,
        null,
        null,
        null,
        null,
        null,
        null,
        null,
        null,
        null,
        null,
        null,
        null,
        null,
        null,
        null,
        1,
        null,
        null,
        1,
        null,
        null,
        null
      ],
      "/mnt/c/Users/user/projects/pig-latin-react-rails-pg/pig_latin_backend/config/environment.rb": [
        null,
        1,
        null,
        null,
        1
      ],
      "/mnt/c/Users/user/projects/pig-latin-react-rails-pg/pig_latin_backend/config/application.rb": [
        1,
        null,
        1,
        null,
        null,
        null,
        1,
        null,
        1,
        1,
        null,
        1,
        null,
        null,
        null,
        null,
        null,
        null,
        null
      ],
      "/mnt/c/Users/user/projects/pig-latin-react-rails-pg/pig_latin_backend/config/boot.rb": [
        1,
        null,
        1,
        1
      ],
      "/mnt/c/Users/user/projects/pig-latin-react-rails-pg/pig_latin_backend/config/environments/test.rb": [
        null,
        null,
        null,
        null,
        null,
        1,
        null,
        null,
        1,
        null,
        null,
        null,
        null,
        1,
        null,
        null,
        1,
        1,
        null,
        null,
        null,
        null,
        1,
        1,
        1,
        null,
        null,
        1,
        null,
        null,
        1,
        null,
        null,
        1,
        null,
        1,
        null,
        null,
        null,
        null,
        1,
        null,
        null,
        1,
        null,
        null,
        null,
        null
      ],
      "/mnt/c/Users/user/projects/pig-latin-react-rails-pg/pig_latin_backend/config/initializers/application_controller_renderer.rb": [
        null,
        null,
        null,
        null,
        null,
        null,
        null,
        null
      ],
      "/mnt/c/Users/user/projects/pig-latin-react-rails-pg/pig_latin_backend/config/initializers/assets.rb": [
        null,
        null,
        null,
        1,
        null,
        null,
        null,
        null,
        1,
        null,
        null,
        null,
        null,
        null
      ],
      "/mnt/c/Users/user/projects/pig-latin-react-rails-pg/pig_latin_backend/config/initializers/backtrace_silencers.rb": [
        null,
        null,
        null,
        null,
        null,
        null,
        null
      ],
      "/mnt/c/Users/user/projects/pig-latin-react-rails-pg/pig_latin_backend/config/initializers/content_security_policy.rb": [
        null,
        null,
        null,
        null,
        null,
        null,
        null,
        null,
        null,
        null,
        null,
        null,
        null,
        null,
        null,
        null,
        null,
        null,
        null,
        null,
        null,
        null,
        null,
        null,
        null,
        null,
        null,
        null,
        null,
        null
      ],
      "/mnt/c/Users/user/projects/pig-latin-react-rails-pg/pig_latin_backend/config/initializers/cookies_serializer.rb": [
        null,
        null,
        null,
        null,
        1
      ],
      "/mnt/c/Users/user/projects/pig-latin-react-rails-pg/pig_latin_backend/config/initializers/cors.rb": [
        1,
        1,
        1,
        1,
        null,
        null
      ],
      "/mnt/c/Users/user/projects/pig-latin-react-rails-pg/pig_latin_backend/config/initializers/filter_parameter_logging.rb": [
        null,
        null,
        null,
        1
      ],
      "/mnt/c/Users/user/projects/pig-latin-react-rails-pg/pig_latin_backend/config/initializers/inflections.rb": [
        null,
        null,
        null,
        null,
        null,
        null,
        null,
        null,
        null,
        null,
        null,
        null,
        null,
        null,
        null,
        null
      ],
      "/mnt/c/Users/user/projects/pig-latin-react-rails-pg/pig_latin_backend/config/initializers/mime_types.rb": [
        null,
        null,
        null,
        null
      ],
      "/mnt/c/Users/user/projects/pig-latin-react-rails-pg/pig_latin_backend/config/initializers/wrap_parameters.rb": [
        null,
        null,
        null,
        null,
        null,
        null,
        1,
        2,
        null,
        null,
        null,
        null,
        null,
        null
      ],
      "/mnt/c/Users/user/projects/pig-latin-react-rails-pg/pig_latin_backend/spec/factories.rb": [
        1,
        1,
        7,
        7,
        null,
        null
      ],
      "/mnt/c/Users/user/projects/pig-latin-react-rails-pg/pig_latin_backend/app/models/terminology.rb": [
        1,
        1,
        1,
        null,
        1,
        23,
        23,
        31,
        null,
        null,
        null,
        1,
        null,
        1,
        31,
        null,
        31,
        30,
        null,
        1,
        null,
        null,
        null,
        1,
        30,
        30,
        30,
        null,
        null,
        1,
        1,
        1,
        1,
        null,
        null
      ],
      "/mnt/c/Users/user/projects/pig-latin-react-rails-pg/pig_latin_backend/app/models/application_record.rb": [
        1,
        1,
        null
      ],
      "/mnt/c/Users/user/projects/pig-latin-react-rails-pg/pig_latin_backend/config/routes.rb": [
        1,
        1,
        1,
        null
      ],
      "/mnt/c/Users/user/projects/pig-latin-react-rails-pg/pig_latin_backend/app/helpers/application_helper.rb": [
        1,
        null
      ],
      "/mnt/c/Users/user/projects/pig-latin-react-rails-pg/pig_latin_backend/app/helpers/terminologies_helper.rb": [
        1,
        null
      ],
      "/mnt/c/Users/user/projects/pig-latin-react-rails-pg/pig_latin_backend/spec/api_requests/post_terminology_request_spec.rb": [
        1,
        null,
        1,
        1,
        6,
        null,
        null,
        1,
        1,
        1,
        null,
        null,
        1,
        1,
        null,
        null,
        1,
        1,
        1,
        1,
        null,
        null,
        null,
        1,
        1,
        1,
        1,
        null,
        null,
        1,
        1,
        1,
        null,
        null,
        1,
        1,
        1,
        1,
        1,
        null,
        null,
        null,
        null,
        1,
        1,
        2,
        null,
        null,
        1,
        1,
        null,
        null,
        1,
        1,
        null,
        null
      ],
      "/mnt/c/Users/user/projects/pig-latin-react-rails-pg/pig_latin_backend/spec/api_requests/update_terminology_request_spec.rb": [
        1,
        null,
        1,
        1,
        1,
        null,
        null,
        1,
        1,
        null,
        1,
        1,
        1,
        null,
        null
      ],
      "/mnt/c/Users/user/projects/pig-latin-react-rails-pg/pig_latin_backend/spec/controllers/terminologies_controller_spec.rb": [
        1,
        null,
        1,
        1,
        1,
        2,
        2,
        null,
        null,
        1,
        1,
        1,
        1,
        null,
        null,
        1,
        1,
        1,
        1,
        null,
        null,
        null
      ],
      "/mnt/c/Users/user/projects/pig-latin-react-rails-pg/pig_latin_backend/app/controllers/terminologies_controller.rb": [
        1,
        1,
        4,
        4,
        null,
        null,
        1,
        11,
        11,
        null,
        11,
        6,
        null,
        null,
        null,
        null,
        5,
        3,
        null,
        null,
        null,
        null,
        null,
        2,
        null,
        null,
        null,
        null,
        null,
        null,
        null,
        1,
        1,
        1,
        1,
        null,
        null,
        null,
        null,
        null,
        null,
        1,
        1,
        1,
        1,
        1,
        null,
        null,
        null,
        null,
        null,
        0,
        0,
        null,
        null,
        null,
        null,
        null,
        null,
        null,
        null,
        1,
        null,
        1,
        12,
        null,
        null
      ],
      "/mnt/c/Users/user/projects/pig-latin-react-rails-pg/pig_latin_backend/app/controllers/application_controller.rb": [
        1,
        1,
        null
      ],
      "/mnt/c/Users/user/projects/pig-latin-react-rails-pg/pig_latin_backend/spec/helpers/terminologies_helper_spec.rb": [
        1,
        null,
        null,
        null,
        null,
        null,
        null,
        null,
        null,
        null,
        null,
        null,
        null,
        null,
        null
      ],
      "/mnt/c/Users/user/projects/pig-latin-react-rails-pg/pig_latin_backend/spec/models/terminology_spec.rb": [
        1,
        null,
        1,
        12,
        null,
        1,
        null,
        1,
        1,
        1,
        1,
        null,
        null,
        null,
        1,
        1,
        1,
        null,
        null,
        1,
        1,
        null,
        null,
        1,
        1,
        null,
        null,
        null,
        1,
        1,
        1,
        null,
        null,
        null,
        1,
        1,
        1,
        null,
        null,
        null,
        1,
        1,
        1,
        null,
        null,
        1,
        1,
        1,
        null,
        null,
        1,
        1,
        1,
        null,
        null,
        1,
        1,
        1,
        null,
        null,
        1,
        1,
        1,
        null,
        null,
        null,
        null
      ]
    },
    "timestamp": 1575507696
  }
}
